SF:lib/src/features/products/data/fake_products_repository.dart
DA:8,4
DA:10,4
DA:14,4
DA:15,8
DA:16,8
DA:19,2
DA:20,4
DA:21,2
DA:24,2
DA:25,4
DA:26,2
DA:29,1
DA:30,1
DA:31,3
DA:34,2
DA:36,8
DA:43,12
DA:44,0
DA:46,12
DA:47,6
DA:48,3
DA:50,7
DA:51,2
DA:52,1
DA:54,2
DA:55,3
DA:56,2
DA:57,1
LF:28
LH:27
end_of_record
SF:lib/src/features/products/domain/product.dart
DA:7,16
DA:28,1
DA:30,9
DA:33,3
DA:37,0
DA:38,0
DA:39,0
DA:40,0
DA:41,0
DA:42,0
DA:43,0
DA:44,0
DA:47,3
DA:49,9
DA:50,9
DA:51,9
DA:52,9
DA:53,9
DA:54,9
DA:55,9
DA:56,6
LF:21
LH:13
end_of_record
SF:lib/src/utils/delay_call.dart
DA:1,5
DA:3,0
DA:5,5
LF:3
LH:2
end_of_record
SF:lib/src/features/authentication/data/fake_auth_repository.dart
DA:7,5
DA:12,15
DA:14,12
DA:16,2
DA:17,4
DA:19,2
DA:20,2
DA:24,1
DA:28,2
DA:29,1
DA:30,1
DA:34,2
DA:36,4
DA:37,4
DA:40,2
DA:41,4
DA:42,8
DA:45,6
DA:48,22
DA:49,1
DA:50,3
DA:54,20
DA:55,10
DA:56,5
LF:24
LH:24
end_of_record
SF:lib/src/features/cart/application/cart_service.dart
DA:14,2
DA:19,2
DA:20,8
DA:22,5
DA:24,8
DA:30,2
DA:31,8
DA:33,5
DA:35,8
DA:40,2
DA:42,2
DA:43,2
DA:44,2
DA:48,2
DA:50,2
DA:52,2
DA:53,2
DA:57,2
DA:58,2
DA:59,2
DA:60,2
DA:64,14
DA:65,2
DA:68,18
DA:69,9
DA:72,4
DA:74,9
DA:78,12
DA:80,6
DA:81,18
DA:84,8
DA:86,6
DA:87,8
DA:88,6
DA:89,8
DA:91,10
DA:92,6
DA:93,6
DA:102,4
DA:103,6
DA:104,6
DA:107,6
DA:108,6
DA:110,1
LF:44
LH:44
end_of_record
SF:lib/src/features/cart/data/local/local_cart_repository.dart
DA:13,15
DA:15,0
LF:2
LH:1
end_of_record
SF:lib/src/features/cart/data/remote/remote_cart_repository.dart
DA:14,15
DA:16,0
LF:2
LH:1
end_of_record
SF:lib/src/features/authentication/domain/app_user.dart
DA:4,9
DA:11,1
DA:15,6
DA:18,1
DA:19,5
DA:21,1
DA:22,3
LF:7
LH:7
end_of_record
SF:lib/src/features/cart/application/cart_sync_service.dart
DA:16,4
DA:17,4
DA:21,4
DA:22,12
DA:23,4
DA:24,4
DA:25,4
DA:27,4
DA:28,4
DA:35,2
DA:38,6
DA:39,2
DA:40,4
DA:42,3
DA:44,1
DA:45,1
DA:49,1
DA:51,1
DA:53,1
DA:57,3
DA:63,1
DA:66,3
DA:67,1
DA:70,1
DA:71,2
DA:72,1
DA:73,1
DA:75,2
DA:77,4
DA:80,3
DA:84,1
DA:86,2
DA:93,16
DA:94,4
LF:34
LH:34
end_of_record
SF:lib/src/features/cart/domain/cart.dart
DA:11,73
DA:18,0
DA:19,0
DA:20,0
DA:24,0
DA:25,0
DA:26,0
DA:27,0
DA:32,0
DA:34,0
DA:35,0
DA:37,2
DA:40,2
DA:42,6
DA:45,0
DA:46,0
DA:48,0
DA:49,0
DA:53,2
DA:54,8
DA:55,2
DA:56,2
DA:57,2
DA:59,2
LF:24
LH:10
end_of_record
SF:lib/src/features/cart/domain/item.dart
DA:6,23
DA:13,0
DA:14,0
DA:16,2
DA:21,6
DA:22,6
DA:25,0
DA:26,0
LF:8
LH:4
end_of_record
SF:lib/src/features/cart/domain/mutable_cart.dart
DA:10,3
DA:11,6
DA:12,9
DA:13,3
DA:17,3
DA:19,6
DA:20,6
DA:21,12
DA:23,6
DA:25,3
DA:28,2
DA:29,4
DA:30,4
DA:31,4
DA:32,6
DA:34,6
DA:37,2
DA:40,3
DA:41,6
DA:42,3
DA:43,3
DA:46,1
DA:47,3
DA:48,2
DA:49,3
DA:50,1
DA:56,1
LF:27
LH:27
end_of_record
SF:lib/src/app.dart
DA:8,3
DA:10,3
DA:14,6
DA:15,3
DA:21,6
DA:22,3
DA:31,3
DA:32,3
LF:8
LH:8
end_of_record
SF:lib/src/localization/string_hardcoded.dart
DA:4,5
LF:1
LH:1
end_of_record
SF:lib/src/routing/app_router.dart
DA:29,12
DA:30,6
DA:31,3
DA:34,3
DA:35,3
DA:37,5
DA:41,15
DA:42,15
DA:48,6
DA:49,0
DA:50,3
DA:51,3
DA:53,3
DA:54,3
DA:55,3
DA:56,3
DA:58,3
DA:59,1
DA:60,2
DA:61,1
DA:62,1
DA:66,3
DA:67,3
DA:69,3
DA:70,0
DA:71,0
DA:72,0
DA:73,0
DA:79,3
DA:81,3
DA:82,1
DA:86,3
DA:87,3
DA:89,3
DA:90,0
DA:99,3
DA:101,3
DA:102,0
DA:105,0
DA:107,3
DA:109,3
DA:110,1
DA:113,3
DA:115,3
DA:116,1
LF:45
LH:37
end_of_record
SF:lib/src/common_widgets/action_text_button.dart
DA:6,4
DA:9,4
DA:11,4
DA:13,4
DA:14,4
DA:15,8
DA:16,4
DA:17,4
DA:18,4
DA:19,4
LF:10
LH:10
end_of_record
SF:lib/src/common_widgets/alert_dialogs.dart
DA:11,2
DA:18,2
DA:23,4
DA:24,2
DA:25,1
DA:27,2
DA:28,2
DA:30,2
DA:31,2
DA:33,3
DA:35,2
DA:37,2
DA:38,6
DA:41,0
DA:43,0
DA:44,0
DA:45,0
DA:47,0
DA:48,0
DA:49,0
DA:57,1
DA:62,1
DA:65,1
DA:66,1
DA:69,0
DA:70,0
DA:72,0
LF:27
LH:17
end_of_record
SF:lib/src/common_widgets/custom_image.dart
DA:5,3
DA:8,3
DA:11,6
LF:3
LH:3
end_of_record
SF:lib/src/common_widgets/custom_text_button.dart
DA:6,3
DA:12,3
DA:14,3
DA:16,3
DA:17,3
DA:18,3
DA:19,3
DA:20,3
LF:8
LH:8
end_of_record
SF:lib/src/common_widgets/decorated_box_with_shadow.dart
DA:7,0
DA:10,0
DA:12,0
DA:23,0
DA:25,0
LF:5
LH:0
end_of_record
SF:lib/src/common_widgets/empty_placeholder_widget.dart
DA:10,1
DA:13,1
DA:15,1
DA:17,1
DA:18,1
DA:21,1
DA:22,1
DA:23,1
DA:24,3
DA:28,1
DA:29,0
DA:30,1
LF:12
LH:11
end_of_record
SF:lib/src/common_widgets/primary_button.dart
DA:11,3
DA:16,3
DA:18,3
DA:20,3
DA:21,3
DA:22,3
DA:24,3
DA:25,3
DA:27,3
DA:28,3
DA:29,3
DA:30,3
LF:12
LH:12
end_of_record
SF:lib/src/common_widgets/error_message_widget.dart
DA:4,0
DA:6,0
DA:8,0
DA:9,0
DA:10,0
LF:5
LH:0
end_of_record
SF:lib/src/common_widgets/item_quantity_selector.dart
DA:6,1
DA:19,1
DA:20,2
DA:21,1
DA:22,2
DA:23,1
DA:24,2
DA:26,1
DA:28,1
DA:29,1
DA:30,1
DA:36,1
DA:39,1
DA:40,1
DA:41,2
DA:43,3
DA:44,5
DA:47,1
DA:49,1
DA:50,2
DA:51,2
DA:53,3
DA:56,1
DA:57,2
DA:59,4
DA:60,5
LF:26
LH:26
end_of_record
SF:lib/src/common_widgets/responsive_center.dart
DA:10,19
DA:20,5
DA:23,5
DA:27,5
DA:28,5
DA:29,5
DA:30,5
DA:31,5
DA:40,16
DA:49,3
DA:51,3
DA:52,3
DA:53,3
DA:54,3
DA:55,3
LF:15
LH:15
end_of_record
SF:lib/src/common_widgets/responsive_scrollable_card.dart
DA:9,2
DA:11,2
DA:13,2
DA:14,2
DA:16,2
DA:18,2
DA:19,2
DA:21,2
LF:8
LH:8
end_of_record
SF:lib/src/common_widgets/responsive_two_column_layout.dart
DA:7,1
DA:31,1
DA:33,2
DA:34,3
DA:35,1
DA:36,1
DA:37,1
DA:38,1
DA:39,3
DA:40,2
DA:41,3
DA:45,0
DA:46,0
DA:47,0
DA:48,0
DA:49,0
DA:50,0
DA:51,0
LF:18
LH:11
end_of_record
SF:lib/src/constants/async_value_widget.dart
DA:6,3
DA:9,3
DA:11,6
DA:12,3
DA:13,0
DA:15,3
LF:6
LH:5
end_of_record
SF:lib/src/utils/in_memory_store.dart
DA:6,10
DA:12,15
DA:15,12
DA:18,9
DA:21,6
LF:5
LH:5
end_of_record
SF:lib/src/features/authentication/presentation/account/account_screen.dart
DA:16,20
DA:18,2
DA:20,6
DA:21,2
DA:23,4
DA:24,2
DA:25,2
DA:26,2
DA:28,4
DA:29,2
DA:30,2
DA:32,2
DA:33,2
DA:35,2
DA:41,2
DA:43,2
DA:44,2
DA:45,2
DA:47,2
DA:49,6
DA:50,2
DA:66,15
DA:68,2
DA:70,6
DA:71,6
DA:72,2
DA:73,2
DA:74,2
DA:75,2
DA:76,2
DA:80,2
DA:81,2
DA:82,2
DA:87,2
DA:88,2
DA:89,2
DA:90,2
DA:93,2
DA:94,2
DA:95,2
DA:102,2
DA:103,2
DA:104,2
DA:105,2
DA:106,2
DA:111,2
DA:112,2
LF:47
LH:47
end_of_record
SF:lib/src/features/authentication/presentation/account/account_screen_controller.dart
DA:6,3
DA:7,3
DA:11,3
DA:12,3
DA:13,6
DA:14,9
DA:19,4
DA:20,2
DA:21,2
DA:22,4
DA:23,2
LF:11
LH:11
end_of_record
SF:lib/src/utils/async_Value_exception_dialog.dart
DA:7,4
DA:8,8
DA:9,1
DA:10,2
LF:4
LH:4
end_of_record
SF:lib/src/features/authentication/presentation/sign_in/email_password_sign_in_controller.dart
DA:7,3
DA:10,6
DA:13,3
DA:14,9
DA:15,9
DA:16,9
DA:17,6
DA:20,1
DA:21,3
DA:24,3
DA:25,6
DA:26,3
DA:27,6
DA:28,1
DA:29,2
DA:34,6
DA:37,2
DA:38,4
DA:39,2
LF:19
LH:19
end_of_record
SF:lib/src/features/authentication/presentation/sign_in/email_password_sign_in_state.dart
DA:19,3
DA:26,1
DA:29,1
DA:30,3
DA:31,3
DA:32,3
DA:34,1
DA:35,5
DA:37,1
DA:39,3
DA:42,3
DA:46,3
DA:47,3
DA:48,1
DA:54,2
DA:55,4
DA:56,0
DA:58,2
DA:63,2
DA:64,4
DA:65,0
DA:67,2
DA:71,2
DA:72,4
DA:73,0
DA:75,2
DA:79,0
DA:80,0
DA:87,0
DA:88,0
DA:89,0
DA:91,0
DA:95,0
DA:96,0
DA:97,0
DA:99,0
DA:103,2
DA:104,4
DA:107,2
DA:108,4
DA:109,0
DA:111,4
DA:114,2
DA:115,2
DA:116,2
DA:117,1
DA:118,2
DA:122,2
DA:123,2
DA:124,2
DA:125,1
DA:126,2
LF:52
LH:38
end_of_record
SF:lib/src/features/authentication/presentation/sign_in/email_password_sign_in_screen.dart
DA:20,15
DA:27,1
DA:29,1
DA:30,3
DA:31,1
DA:32,1
DA:33,2
DA:44,2
DA:53,2
DA:55,2
DA:65,6
DA:66,6
DA:75,2
DA:78,4
DA:79,4
DA:80,4
DA:81,2
DA:84,2
DA:85,6
DA:87,6
DA:88,4
DA:89,10
DA:90,6
DA:92,6
DA:97,0
DA:98,0
DA:99,0
DA:103,0
DA:104,0
DA:105,0
DA:108,0
DA:111,0
DA:113,0
DA:114,0
DA:115,0
DA:117,0
DA:120,2
DA:123,4
DA:124,8
DA:125,6
DA:126,4
DA:128,12
DA:129,2
DA:130,2
DA:131,2
DA:132,2
DA:133,2
DA:134,2
DA:136,2
DA:139,2
DA:141,2
DA:142,2
DA:143,2
DA:144,2
DA:145,4
DA:148,2
DA:149,4
DA:154,0
DA:155,2
DA:156,2
DA:157,2
DA:162,2
DA:164,2
DA:165,2
DA:166,2
DA:167,4
DA:170,4
DA:172,2
DA:177,0
DA:180,2
DA:181,2
DA:182,4
DA:183,8
DA:186,2
DA:187,2
DA:188,4
DA:190,0
LF:77
LH:62
end_of_record
SF:lib/src/features/authentication/presentation/sign_in/string_validators.dart
DA:10,3
DA:13,2
DA:17,4
DA:18,2
DA:19,4
DA:20,10
DA:27,0
DA:34,2
DA:37,2
DA:40,6
DA:41,6
DA:50,4
DA:54,6
DA:58,2
DA:60,2
DA:65,3
DA:68,0
DA:70,0
LF:18
LH:15
end_of_record
SF:lib/src/features/cart/data/local/fake_local_cart_repository.dart
DA:9,3
DA:15,2
DA:17,6
DA:20,1
DA:22,2
DA:23,2
DA:26,3
DA:28,6
LF:8
LH:8
end_of_record
SF:lib/src/features/cart/data/remote/fake_remote_cart_repository.dart
DA:11,3
DA:21,0
DA:23,0
DA:26,0
DA:28,0
DA:30,0
DA:33,0
DA:35,0
DA:38,1
DA:40,2
DA:41,5
LF:11
LH:4
end_of_record
SF:lib/src/features/cart/presentation/add_to_cart/add_to_cart_controller.dart
DA:9,4
DA:13,2
DA:14,2
DA:15,6
DA:16,6
DA:17,2
DA:19,8
DA:21,4
DA:23,10
DA:25,0
DA:30,4
DA:31,2
DA:32,2
DA:33,2
DA:37,4
DA:39,2
DA:40,2
DA:44,4
DA:45,4
DA:46,2
LF:20
LH:19
end_of_record
SF:lib/src/features/cart/presentation/add_to_cart/add_to_cart_widget.dart
DA:16,1
DA:19,1
DA:21,2
DA:22,2
DA:24,4
DA:25,2
DA:26,2
DA:27,1
DA:29,1
DA:30,1
DA:33,1
DA:34,2
DA:35,1
DA:37,1
DA:38,1
DA:40,1
DA:41,3
DA:42,1
DA:49,1
DA:50,1
DA:51,1
DA:52,1
DA:53,3
DA:54,3
DA:56,1
DA:57,1
DA:58,1
DA:60,5
DA:62,1
DA:63,1
DA:64,3
LF:31
LH:31
end_of_record
SF:lib/src/features/cart/presentation/cart_total/cart_total_text.dart
DA:8,15
DA:10,1
DA:12,2
DA:14,3
DA:15,1
DA:16,1
DA:17,3
LF:7
LH:7
end_of_record
SF:lib/src/utils/currency_formatter.dart
DA:4,12
DA:11,3
LF:2
LH:2
end_of_record
SF:lib/src/features/cart/presentation/cart_total/cart_total_with_cta.dart
DA:7,1
DA:10,1
DA:12,1
DA:14,1
DA:17,2
LF:5
LH:5
end_of_record
SF:lib/src/features/cart/presentation/shopping_cart/shopping_cart_item.dart
DA:21,1
DA:35,1
DA:37,5
DA:39,1
DA:41,2
DA:43,1
DA:44,1
DA:46,1
DA:48,1
DA:49,1
DA:50,1
DA:61,1
DA:74,3
DA:76,1
DA:79,4
DA:80,2
DA:81,1
DA:85,3
DA:87,1
DA:89,1
DA:90,6
DA:92,1
DA:93,3
DA:95,1
DA:97,1
DA:99,1
DA:100,1
DA:101,2
DA:102,3
DA:103,1
DA:105,1
DA:107,1
DA:109,2
DA:110,1
DA:111,3
DA:114,1
DA:115,2
DA:116,2
DA:117,1
DA:119,1
DA:121,2
DA:122,1
DA:123,3
DA:130,0
DA:132,0
DA:133,0
LF:46
LH:43
end_of_record
SF:lib/src/features/cart/presentation/shopping_cart/shopping_cart_screen_controller.dart
DA:8,4
DA:12,2
DA:13,2
DA:14,2
DA:15,4
DA:16,10
DA:19,2
DA:20,2
DA:21,4
DA:22,10
DA:26,4
DA:27,2
DA:28,2
DA:29,2
LF:14
LH:14
end_of_record
SF:lib/src/features/cart/presentation/shopping_cart/shopping_cart_items_builder.dart
DA:14,1
DA:24,1
DA:27,2
DA:28,1
DA:29,1
DA:35,2
DA:38,1
DA:39,1
DA:41,1
DA:42,1
DA:43,1
DA:46,1
DA:48,1
DA:49,2
DA:50,2
DA:52,2
DA:56,1
DA:59,1
DA:61,2
DA:70,0
DA:71,0
DA:72,0
DA:73,0
DA:75,0
DA:76,0
DA:77,0
DA:79,0
DA:82,0
DA:83,0
LF:29
LH:19
end_of_record
SF:lib/src/features/cart/presentation/shopping_cart/shopping_cart_screen.dart
DA:18,15
DA:20,1
DA:22,2
DA:23,2
DA:24,2
DA:25,2
DA:26,1
DA:27,1
DA:28,2
DA:30,1
DA:32,2
DA:33,1
DA:34,2
DA:38,2
DA:39,1
DA:40,1
DA:41,0
LF:17
LH:16
end_of_record
SF:lib/src/features/checkout/presentation/checkout_screen/checkout_screen.dart
DA:21,15
DA:23,0
DA:24,0
DA:32,0
DA:34,0
DA:35,0
DA:38,0
DA:39,0
DA:41,0
DA:42,0
DA:48,0
DA:51,0
DA:52,0
DA:53,0
DA:57,0
DA:58,0
DA:59,0
DA:62,0
DA:63,0
DA:64,0
DA:66,0
LF:21
LH:1
end_of_record
SF:lib/src/features/checkout/presentation/payment/payment_page.dart
DA:11,15
DA:13,0
DA:32,0
DA:34,0
DA:39,0
LF:5
LH:1
end_of_record
SF:lib/src/features/checkout/presentation/payment/payment_button.dart
DA:8,15
DA:10,0
DA:12,0
DA:15,0
DA:19,0
DA:20,0
DA:22,0
LF:7
LH:1
end_of_record
SF:lib/src/features/orders/domain/order.dart
DA:8,0
DA:9,0
DA:10,0
DA:11,0
DA:12,0
DA:21,0
LF:6
LH:0
end_of_record
SF:lib/src/features/orders/domain/purchase.dart
DA:6,1
LF:1
LH:1
end_of_record
SF:lib/src/features/orders/presentation/orders_list/order_card.dart
DA:15,0
DA:18,0
DA:20,0
DA:22,0
DA:23,0
DA:26,0
DA:27,0
DA:28,0
DA:30,0
DA:41,0
DA:44,0
DA:46,0
DA:48,0
DA:49,0
DA:50,0
DA:52,0
DA:53,0
DA:54,0
DA:56,0
DA:57,0
DA:59,0
DA:60,0
DA:61,0
DA:62,0
DA:65,0
DA:68,0
DA:70,0
DA:71,0
DA:72,0
DA:74,0
DA:77,0
DA:90,0
DA:93,0
DA:95,0
DA:97,0
DA:98,0
DA:100,0
DA:102,0
DA:103,0
DA:104,0
LF:40
LH:0
end_of_record
SF:lib/src/utils/date_formatter.dart
DA:4,4
DA:7,1
LF:2
LH:2
end_of_record
SF:lib/src/features/orders/presentation/orders_list/order_item_list_tile.dart
DA:11,0
DA:14,0
DA:18,0
DA:19,0
DA:21,0
DA:22,0
DA:23,0
DA:25,0
DA:28,0
DA:30,0
DA:32,0
DA:33,0
DA:35,0
DA:36,0
DA:37,0
LF:15
LH:0
end_of_record
SF:lib/src/features/orders/presentation/orders_list/order_status_label.dart
DA:7,0
DA:10,0
DA:12,0
DA:13,0
DA:14,0
DA:15,0
DA:16,0
DA:19,0
DA:20,0
DA:21,0
DA:24,0
DA:25,0
DA:26,0
DA:27,0
LF:14
LH:0
end_of_record
SF:lib/src/features/orders/presentation/orders_list/orders_list_screen.dart
DA:11,15
DA:13,0
DA:16,0
DA:17,0
DA:20,0
DA:26,0
DA:30,0
DA:31,0
DA:32,0
DA:34,0
DA:35,0
DA:36,0
DA:37,0
DA:38,0
DA:42,0
DA:43,0
DA:44,0
DA:45,0
DA:46,0
DA:48,0
DA:49,0
DA:52,0
LF:22
LH:1
end_of_record
SF:lib/src/features/products/presentation/home_app_bar/home_app_bar.dart
DA:20,30
DA:22,3
DA:25,9
DA:34,6
DA:35,3
DA:36,1
DA:37,2
DA:38,1
DA:40,1
DA:44,3
DA:45,6
DA:46,3
DA:48,1
DA:49,1
DA:51,1
DA:52,0
DA:54,1
DA:56,1
DA:57,3
DA:60,3
DA:62,3
DA:63,3
DA:70,3
LF:23
LH:22
end_of_record
SF:lib/src/features/products/presentation/home_app_bar/shopping_cart_icon.dart
DA:10,15
DA:15,3
DA:17,6
DA:19,3
DA:20,3
DA:21,3
DA:22,3
DA:25,1
DA:26,3
DA:29,3
DA:30,1
DA:33,1
DA:42,1
DA:45,1
DA:47,1
DA:50,1
DA:55,1
DA:56,2
DA:62,1
DA:63,1
DA:64,1
DA:65,1
LF:22
LH:22
end_of_record
SF:lib/src/features/products/presentation/home_app_bar/more_menu_button.dart
DA:14,1
DA:22,1
DA:24,1
DA:27,0
DA:29,0
DA:30,0
DA:31,0
DA:34,0
DA:36,0
DA:39,0
DA:42,0
DA:43,0
DA:46,0
DA:50,0
DA:53,0
DA:54,0
DA:56,0
DA:57,0
DA:59,0
DA:60,0
LF:20
LH:3
end_of_record
SF:lib/src/features/products/presentation/product_screen/leave_review_action.dart
DA:15,1
DA:18,1
DA:21,2
DA:25,4
DA:26,1
DA:27,1
DA:30,1
DA:38,3
DA:39,1
DA:40,1
DA:41,1
DA:42,1
DA:43,1
DA:44,2
DA:45,0
DA:46,0
DA:47,0
LF:17
LH:14
end_of_record
SF:lib/src/features/products/presentation/product_screen/product_average_rating.dart
DA:7,3
DA:10,3
DA:12,3
DA:13,3
DA:19,3
DA:20,9
DA:21,9
DA:24,3
DA:25,3
DA:26,9
DA:28,9
DA:29,9
LF:12
LH:12
end_of_record
SF:lib/src/features/products/presentation/product_screen/product_screen.dart
DA:22,1
DA:25,1
DA:27,1
DA:29,2
DA:30,4
DA:32,1
DA:34,1
DA:36,0
DA:37,0
DA:39,1
DA:40,1
DA:41,1
DA:43,1
DA:45,2
DA:59,1
DA:62,1
DA:65,5
DA:66,1
DA:67,1
DA:68,1
DA:70,3
DA:74,1
DA:75,1
DA:77,1
DA:79,1
DA:80,3
DA:81,3
DA:83,3
DA:85,4
DA:87,2
DA:89,1
DA:90,1
DA:91,1
DA:92,1
DA:93,3
DA:94,1
DA:95,3
DA:96,1
DA:97,1
DA:98,2
LF:40
LH:38
end_of_record
SF:lib/src/features/review/presentation/product_reviews/product_reviews_list.dart
DA:10,1
DA:12,1
DA:15,1
DA:16,1
DA:17,1
DA:21,1
DA:22,1
DA:27,1
DA:28,1
DA:29,2
DA:33,2
DA:35,1
LF:12
LH:12
end_of_record
SF:lib/src/features/products/presentation/products_list/product_card.dart
DA:12,3
DA:19,3
DA:22,15
DA:23,3
DA:24,3
DA:26,3
DA:27,3
DA:29,3
DA:31,3
DA:32,9
DA:36,9
DA:37,9
DA:38,12
DA:40,6
DA:42,3
DA:43,3
DA:44,9
DA:45,3
DA:46,3
DA:47,9
DA:48,0
DA:49,12
DA:50,9
LF:23
LH:22
end_of_record
SF:lib/src/features/products/presentation/products_list/products_grid.dart
DA:16,15
DA:18,3
DA:21,6
DA:22,3
DA:24,3
DA:25,3
DA:26,0
DA:27,0
DA:28,0
DA:29,0
DA:32,3
DA:33,3
DA:34,3
DA:35,3
DA:36,3
DA:38,2
DA:39,1
DA:40,2
DA:53,3
DA:65,3
DA:68,6
DA:69,3
DA:72,5
DA:75,9
DA:76,9
DA:78,6
DA:80,3
DA:85,3
DA:87,18
LF:29
LH:25
end_of_record
SF:lib/src/features/products/presentation/products_list/products_list_screen.dart
DA:11,15
DA:13,3
DA:14,3
DA:24,3
DA:26,3
DA:27,9
DA:30,3
DA:32,9
DA:33,3
DA:38,0
DA:39,0
DA:40,0
DA:44,3
DA:46,3
DA:48,3
DA:49,3
LF:16
LH:13
end_of_record
SF:lib/src/features/products/presentation/products_list/products_search_text_field.dart
DA:6,15
DA:8,3
DA:10,3
DA:16,3
DA:19,6
DA:20,3
DA:23,3
DA:28,3
DA:29,3
DA:30,3
DA:31,3
DA:32,3
DA:34,9
DA:35,3
DA:36,3
DA:38,6
DA:39,0
DA:40,0
DA:41,0
LF:19
LH:16
end_of_record
SF:lib/src/features/review/domain/review.dart
DA:3,1
LF:1
LH:1
end_of_record
SF:lib/src/features/review/presentation/leave_review_page/leave_review_screen.dart
DA:13,0
DA:16,0
DA:20,0
DA:21,0
DA:22,0
DA:24,0
DA:27,0
DA:34,0
DA:41,0
DA:42,0
DA:50,0
DA:52,0
DA:53,0
DA:55,0
DA:56,0
DA:60,0
DA:63,0
DA:64,0
DA:67,0
DA:68,0
DA:79,0
DA:81,0
DA:83,0
DA:84,0
DA:85,0
DA:86,0
DA:91,0
DA:92,0
DA:93,0
DA:94,0
DA:97,0
DA:98,0
DA:100,0
DA:103,0
DA:104,0
DA:108,0
DA:109,0
DA:110,0
DA:113,0
LF:39
LH:0
end_of_record
SF:lib/src/features/review/presentation/product_reviews/product_rating_bar.dart
DA:6,1
DA:27,3
DA:29,1
DA:31,1
DA:32,1
DA:33,1
DA:36,1
DA:37,2
DA:40,1
DA:43,1
LF:10
LH:10
end_of_record
SF:lib/src/features/review/presentation/product_reviews/product_review_card.dart
DA:11,1
DA:13,1
DA:16,5
DA:17,1
DA:18,1
DA:20,1
DA:22,1
DA:23,1
DA:25,1
DA:26,1
DA:27,2
DA:31,0
DA:32,0
DA:35,1
DA:36,3
DA:39,4
DA:41,1
DA:42,2
DA:43,3
LF:19
LH:17
end_of_record
SF:lib/src/routing/not_found_screen.dart
DA:7,15
DA:9,0
DA:11,0
DA:12,0
DA:13,0
DA:14,0
LF:6
LH:1
end_of_record
SF:lib/src/utils/go_router_refreshStream.dart
DA:7,3
DA:8,3
DA:9,9
DA:10,6
DA:16,0
DA:18,0
DA:19,0
LF:7
LH:4
end_of_record
