SF:lib/src/features/products/data/fake_products_repository.dart
DA:10,7
DA:16,0
DA:17,0
DA:20,3
DA:21,6
DA:22,9
DA:25,6
DA:26,12
DA:29,5
DA:30,15
DA:33,4
DA:34,4
DA:35,12
DA:39,1
DA:40,2
DA:41,2
DA:42,5
DA:43,2
DA:45,0
DA:48,1
DA:53,0
DA:57,0
DA:58,0
DA:59,0
DA:60,0
DA:61,0
DA:63,0
DA:67,0
DA:70,5
DA:72,20
DA:79,24
DA:80,2
DA:82,0
DA:83,0
DA:84,0
DA:86,23
DA:87,10
DA:88,5
DA:90,6
DA:91,9
DA:92,6
DA:93,3
DA:95,6
DA:96,9
DA:97,6
DA:98,3
LF:46
LH:32
end_of_record
SF:lib/src/features/products/domain/product.dart
DA:7,24
DA:28,1
DA:30,9
DA:33,6
DA:37,3
DA:38,3
DA:39,3
DA:40,3
DA:41,3
DA:42,3
DA:43,3
DA:44,3
DA:47,5
DA:49,15
DA:50,15
DA:51,15
DA:52,15
DA:53,15
DA:54,15
DA:55,15
DA:56,10
DA:59,2
DA:69,2
DA:70,2
DA:71,2
DA:72,2
DA:73,2
DA:74,2
DA:75,2
DA:76,0
DA:77,0
LF:31
LH:29
end_of_record
SF:lib/src/localization/string_hardcoded.dart
DA:4,8
LF:1
LH:1
end_of_record
SF:lib/src/utils/delay_call.dart
DA:1,6
DA:3,0
DA:5,6
LF:3
LH:2
end_of_record
SF:lib/src/utils/in_memory_store.dart
DA:6,18
DA:12,24
DA:15,24
DA:18,15
DA:21,6
LF:5
LH:5
end_of_record
SF:lib/src/features/authentication/data/fake_auth_repository.dart
DA:9,7
DA:14,21
DA:16,18
DA:21,1
DA:23,2
DA:24,1
DA:26,0
DA:27,0
DA:31,0
DA:32,0
DA:35,1
DA:38,4
DA:42,8
DA:44,4
DA:45,0
DA:46,0
DA:50,8
DA:51,0
DA:54,4
DA:57,2
DA:59,4
DA:60,4
DA:63,4
DA:65,4
DA:66,12
DA:68,8
DA:70,8
DA:73,6
DA:76,34
DA:77,1
DA:78,3
DA:82,28
DA:83,14
DA:84,7
LF:34
LH:27
end_of_record
SF:lib/src/features/cart/application/cart_service.dart
DA:14,4
DA:19,4
DA:20,16
DA:22,10
DA:24,16
DA:30,4
DA:31,16
DA:33,10
DA:35,16
DA:40,2
DA:42,2
DA:43,2
DA:44,2
DA:48,4
DA:50,4
DA:52,4
DA:53,4
DA:57,2
DA:58,2
DA:59,2
DA:60,2
DA:64,22
DA:65,4
DA:68,26
DA:69,15
DA:71,12
DA:73,15
DA:77,20
DA:79,10
DA:80,30
DA:83,16
DA:85,12
DA:86,13
DA:87,12
DA:88,16
DA:90,20
DA:91,12
DA:92,8
DA:101,8
DA:102,12
DA:103,12
DA:106,12
DA:107,12
DA:109,1
LF:44
LH:44
end_of_record
SF:lib/src/features/cart/data/local/local_cart_repository.dart
DA:13,21
DA:15,0
LF:2
LH:1
end_of_record
SF:lib/src/features/cart/data/remote/remote_cart_repository.dart
DA:16,24
DA:18,0
LF:2
LH:1
end_of_record
SF:lib/src/features/checkout/application/fake_checkout_service.dart
DA:13,2
DA:23,2
DA:24,6
DA:25,6
DA:26,6
DA:27,6
DA:31,4
DA:33,2
DA:34,2
DA:35,2
DA:39,2
DA:41,2
DA:44,2
DA:50,2
DA:52,2
DA:56,2
DA:57,4
DA:60,6
DA:62,8
DA:64,4
DA:65,6
DA:66,2
DA:70,11
DA:71,2
LF:24
LH:24
end_of_record
SF:lib/src/features/orders/data/fake_orders_repository.dart
DA:8,5
DA:20,3
DA:21,12
DA:22,6
DA:23,3
DA:26,6
DA:27,2
DA:35,1
DA:36,2
DA:37,2
DA:39,2
DA:40,1
DA:42,1
DA:43,2
DA:47,18
DA:48,0
LF:16
LH:15
end_of_record
SF:lib/src/features/reviews/application/reviews_service.dart
DA:10,2
DA:13,2
DA:15,8
DA:17,2
DA:19,0
DA:20,0
DA:22,2
DA:23,4
DA:24,4
DA:28,2
DA:37,2
DA:39,8
DA:40,2
DA:43,8
DA:45,0
DA:47,2
DA:49,2
DA:51,8
DA:54,2
DA:55,2
DA:56,4
DA:57,0
DA:58,1
DA:59,1
DA:66,11
DA:67,2
DA:71,2
DA:72,3
DA:73,3
DA:76,2
DA:77,2
DA:79,0
DA:84,6
DA:85,9
DA:86,9
DA:89,4
DA:90,4
DA:92,3
LF:38
LH:33
end_of_record
SF:lib/src/features/reviews/data/fake_reviews_repository.dart
DA:9,5
DA:20,2
DA:21,8
DA:23,3
DA:30,1
DA:31,2
DA:33,4
DA:37,3
DA:38,12
DA:40,3
DA:42,3
DA:44,2
DA:50,1
DA:52,3
DA:54,0
DA:56,3
DA:64,1
DA:68,2
DA:69,2
DA:70,1
DA:73,0
DA:76,2
DA:78,2
DA:82,18
DA:83,0
DA:86,6
DA:87,9
DA:88,9
LF:28
LH:25
end_of_record
SF:lib/src/features/authentication/domain/app_user.dart
DA:4,15
DA:11,1
DA:15,6
DA:18,1
DA:19,5
DA:21,1
DA:22,3
LF:7
LH:7
end_of_record
SF:lib/src/features/cart/domain/cart.dart
DA:11,103
DA:18,0
DA:19,0
DA:20,0
DA:24,0
DA:25,0
DA:26,0
DA:27,0
DA:32,0
DA:34,0
DA:35,0
DA:37,2
DA:40,2
DA:42,6
DA:45,0
DA:46,0
DA:48,0
DA:49,0
DA:53,4
DA:54,16
DA:55,4
DA:56,4
DA:57,4
DA:59,4
LF:24
LH:10
end_of_record
SF:lib/src/features/orders/domain/order.dart
DA:10,0
DA:11,0
DA:12,0
DA:13,0
DA:14,0
DA:23,2
DA:44,0
DA:46,0
LF:8
LH:1
end_of_record
SF:lib/src/utils/current_date_provider.dart
DA:3,10
DA:4,2
LF:2
LH:2
end_of_record
SF:lib/src/exceptions/app_exception.dart
DA:4,1
DA:8,0
DA:9,0
LF:3
LH:1
end_of_record
SF:lib/src/features/authentication/domain/fake_app_user.dart
DA:4,4
LF:1
LH:1
end_of_record
SF:lib/src/features/authentication/exception/auth_exception.dart
DA:5,0
DA:9,0
DA:10,0
DA:14,0
DA:15,0
DA:19,0
DA:20,0
DA:24,3
LF:8
LH:1
end_of_record
SF:lib/src/features/cart/domain/item.dart
DA:6,10
DA:13,0
DA:14,0
DA:16,2
DA:21,6
DA:22,6
DA:25,0
DA:26,0
LF:8
LH:4
end_of_record
SF:lib/src/features/cart/domain/mutable_cart.dart
DA:9,3
DA:10,6
DA:11,9
DA:12,3
DA:16,5
DA:18,10
DA:19,10
DA:20,12
DA:22,12
DA:24,5
DA:27,4
DA:28,8
DA:29,8
DA:30,8
DA:31,6
DA:33,12
DA:36,4
DA:39,3
DA:40,6
DA:41,3
DA:42,3
DA:45,1
DA:46,3
DA:47,2
DA:48,3
DA:49,1
DA:55,1
LF:27
LH:27
end_of_record
SF:lib/src/features/cart/data/remote/fake_remote_cart_repository.dart
DA:11,5
DA:21,2
DA:23,8
DA:26,2
DA:28,4
DA:30,4
DA:33,2
DA:35,4
DA:38,3
DA:41,15
DA:44,1
DA:46,1
LF:12
LH:12
end_of_record
SF:lib/src/features/reviews/domain/review.dart
DA:4,3
DA:13,2
DA:18,3
DA:19,3
DA:20,3
DA:23,0
DA:24,0
DA:26,0
DA:27,0
LF:9
LH:5
end_of_record
SF:lib/src/features/checkout/presentation/payment/payment_button_controller.dart
DA:5,6
DA:9,2
DA:10,2
DA:12,10
DA:15,2
DA:16,2
DA:21,9
DA:22,3
DA:23,3
LF:9
LH:9
end_of_record
SF:lib/src/app.dart
DA:8,5
DA:10,5
DA:14,10
DA:15,5
DA:21,10
DA:22,5
DA:31,5
DA:32,5
LF:8
LH:8
end_of_record
SF:lib/src/routing/app_router.dart
DA:29,20
DA:30,10
DA:31,5
DA:34,5
DA:35,5
DA:37,15
DA:41,25
DA:42,25
DA:48,10
DA:49,0
DA:50,5
DA:51,5
DA:53,5
DA:54,5
DA:55,5
DA:56,5
DA:58,5
DA:59,3
DA:60,6
DA:61,3
DA:62,3
DA:66,5
DA:67,5
DA:69,5
DA:70,1
DA:71,2
DA:72,1
DA:73,1
DA:79,5
DA:81,5
DA:82,3
DA:86,5
DA:87,5
DA:89,5
DA:90,2
DA:99,5
DA:101,5
DA:102,2
DA:105,1
DA:107,5
DA:109,5
DA:110,1
DA:113,5
DA:115,5
DA:116,3
LF:45
LH:44
end_of_record
SF:lib/src/common_widgets/action_text_button.dart
DA:6,6
DA:10,6
DA:12,6
DA:14,6
DA:15,6
DA:16,12
DA:17,6
DA:18,6
DA:19,6
DA:20,6
LF:10
LH:10
end_of_record
SF:lib/src/common_widgets/alert_dialogs.dart
DA:11,2
DA:18,2
DA:23,4
DA:24,2
DA:25,1
DA:27,2
DA:28,2
DA:30,2
DA:31,2
DA:33,3
DA:35,2
DA:37,2
DA:38,6
DA:41,0
DA:43,0
DA:44,0
DA:45,0
DA:47,0
DA:48,0
DA:49,0
DA:57,1
DA:62,1
DA:65,1
DA:66,1
DA:69,0
DA:70,0
DA:72,0
LF:27
LH:17
end_of_record
SF:lib/src/common_widgets/async_value_widget.dart
DA:6,0
DA:9,0
DA:11,0
DA:12,0
DA:13,0
DA:14,0
DA:15,0
DA:18,0
DA:26,3
DA:30,3
DA:32,6
DA:33,3
DA:34,0
DA:35,0
DA:36,0
DA:37,0
DA:41,3
LF:17
LH:5
end_of_record
SF:lib/src/common_widgets/error_message_widget.dart
DA:4,0
DA:6,0
DA:8,0
DA:9,0
DA:10,0
LF:5
LH:0
end_of_record
SF:lib/src/common_widgets/custom_image.dart
DA:5,5
DA:8,5
DA:11,10
LF:3
LH:3
end_of_record
SF:lib/src/common_widgets/custom_text_button.dart
DA:6,4
DA:12,4
DA:14,4
DA:16,4
DA:17,4
DA:18,4
DA:19,4
DA:20,4
LF:8
LH:8
end_of_record
SF:lib/src/common_widgets/decorated_box_with_shadow.dart
DA:7,0
DA:10,0
DA:12,0
DA:23,0
DA:25,0
LF:5
LH:0
end_of_record
SF:lib/src/common_widgets/empty_placeholder_widget.dart
DA:10,2
DA:13,2
DA:15,2
DA:17,2
DA:18,2
DA:21,2
DA:22,2
DA:23,2
DA:24,6
DA:28,2
DA:29,0
DA:30,2
LF:12
LH:11
end_of_record
SF:lib/src/common_widgets/primary_button.dart
DA:11,5
DA:16,5
DA:18,5
DA:20,5
DA:21,5
DA:22,5
DA:24,5
DA:25,5
DA:27,5
DA:28,5
DA:29,5
DA:30,5
LF:12
LH:12
end_of_record
SF:lib/src/common_widgets/item_quantity_selector.dart
DA:6,3
DA:19,3
DA:20,6
DA:21,3
DA:22,6
DA:23,3
DA:24,6
DA:26,3
DA:28,3
DA:29,3
DA:30,3
DA:36,3
DA:39,3
DA:40,3
DA:41,6
DA:43,9
DA:44,5
DA:47,3
DA:49,3
DA:50,6
DA:51,6
DA:53,9
DA:56,3
DA:57,6
DA:59,12
DA:60,10
LF:26
LH:26
end_of_record
SF:lib/src/common_widgets/items_count_badge.dart
DA:6,3
DA:9,3
DA:11,3
DA:14,3
DA:19,3
DA:20,6
DA:26,3
DA:27,3
DA:28,3
DA:29,3
LF:10
LH:10
end_of_record
SF:lib/src/common_widgets/responsive_center.dart
DA:10,20
DA:20,7
DA:23,7
DA:27,7
DA:28,7
DA:29,7
DA:30,7
DA:31,7
DA:40,17
DA:49,5
DA:51,5
DA:52,5
DA:53,5
DA:54,5
DA:55,5
LF:15
LH:15
end_of_record
SF:lib/src/common_widgets/responsive_scrollable_card.dart
DA:9,4
DA:11,4
DA:13,4
DA:14,4
DA:16,4
DA:18,4
DA:19,4
DA:21,4
LF:8
LH:8
end_of_record
SF:lib/src/common_widgets/responsive_two_column_layout.dart
DA:7,3
DA:31,3
DA:33,6
DA:34,9
DA:35,3
DA:36,3
DA:37,3
DA:38,3
DA:39,9
DA:40,6
DA:41,9
DA:45,0
DA:46,0
DA:47,0
DA:48,0
DA:49,0
DA:50,0
DA:51,0
LF:18
LH:11
end_of_record
SF:lib/src/constants/async_value_widget.dart
DA:6,5
DA:9,5
DA:11,10
DA:12,5
DA:13,0
DA:15,5
LF:6
LH:5
end_of_record
SF:lib/src/exceptions/error_logger.dart
DA:6,1
DA:8,3
DA:11,0
DA:13,0
DA:17,4
DA:18,1
LF:6
LH:4
end_of_record
SF:lib/src/features/authentication/presentation/account/account_screen.dart
DA:16,21
DA:18,2
DA:20,6
DA:21,2
DA:23,4
DA:24,2
DA:25,2
DA:26,2
DA:28,4
DA:29,2
DA:30,2
DA:32,2
DA:33,2
DA:35,2
DA:41,2
DA:43,2
DA:44,2
DA:45,2
DA:47,2
DA:49,6
DA:50,2
DA:66,14
DA:68,2
DA:70,6
DA:71,6
DA:72,2
DA:73,2
DA:74,2
DA:75,2
DA:76,2
DA:80,2
DA:81,2
DA:82,2
DA:87,2
DA:88,2
DA:89,2
DA:90,2
DA:93,2
DA:94,2
DA:95,2
DA:102,2
DA:103,2
DA:104,2
DA:105,2
DA:106,2
DA:111,2
DA:112,2
LF:47
LH:47
end_of_record
SF:lib/src/features/authentication/presentation/account/account_screen_controller.dart
DA:6,3
DA:7,3
DA:11,3
DA:12,3
DA:13,6
DA:14,9
DA:19,4
DA:20,2
DA:21,2
DA:22,4
DA:23,2
LF:11
LH:11
end_of_record
SF:lib/src/utils/async_Value_exception_dialog.dart
DA:7,6
DA:8,12
DA:9,1
DA:10,2
LF:4
LH:4
end_of_record
SF:lib/src/features/authentication/presentation/sign_in/email_password_sign_in_controller.dart
DA:7,5
DA:10,10
DA:13,5
DA:14,15
DA:15,15
DA:16,15
DA:17,10
DA:20,4
DA:21,12
DA:24,5
DA:25,10
DA:26,5
DA:27,4
DA:28,4
DA:29,8
DA:34,12
DA:37,4
DA:38,8
DA:39,4
LF:19
LH:19
end_of_record
SF:lib/src/features/authentication/presentation/sign_in/email_password_sign_in_state.dart
DA:19,5
DA:26,1
DA:29,1
DA:30,3
DA:31,3
DA:32,3
DA:34,1
DA:35,5
DA:37,1
DA:39,3
DA:42,5
DA:46,5
DA:47,5
DA:48,4
DA:54,4
DA:55,8
DA:56,3
DA:58,4
DA:63,4
DA:64,8
DA:65,3
DA:67,4
DA:71,0
DA:72,0
DA:73,0
DA:74,0
DA:77,4
DA:78,8
DA:79,3
DA:81,4
DA:85,3
DA:86,6
DA:93,0
DA:94,0
DA:95,0
DA:97,0
DA:101,3
DA:102,6
DA:103,3
DA:105,3
DA:109,4
DA:110,8
DA:113,4
DA:114,8
DA:115,6
DA:117,2
DA:120,4
DA:121,4
DA:122,4
DA:123,1
DA:124,4
DA:128,4
DA:129,4
DA:130,4
DA:131,1
DA:132,4
LF:56
LH:48
end_of_record
SF:lib/src/features/authentication/presentation/sign_in/email_password_sign_in_screen.dart
DA:20,14
DA:27,3
DA:29,12
DA:30,3
DA:31,9
DA:32,3
DA:33,3
DA:34,6
DA:45,4
DA:54,4
DA:56,4
DA:66,12
DA:67,12
DA:76,4
DA:79,8
DA:80,8
DA:81,8
DA:82,4
DA:85,4
DA:86,12
DA:88,12
DA:89,8
DA:90,20
DA:91,12
DA:94,12
DA:99,0
DA:100,0
DA:101,0
DA:105,0
DA:106,0
DA:107,0
DA:110,0
DA:113,3
DA:115,3
DA:116,18
DA:117,3
DA:119,6
DA:122,4
DA:125,8
DA:126,16
DA:127,12
DA:128,8
DA:130,24
DA:131,4
DA:132,4
DA:133,4
DA:134,4
DA:135,4
DA:136,4
DA:138,4
DA:141,4
DA:143,4
DA:144,4
DA:145,4
DA:146,4
DA:147,8
DA:150,4
DA:151,8
DA:156,0
DA:157,4
DA:158,4
DA:159,4
DA:164,4
DA:166,4
DA:167,4
DA:168,4
DA:169,8
DA:172,8
DA:174,4
DA:179,0
DA:182,4
DA:183,4
DA:184,8
DA:185,16
DA:188,4
DA:189,4
DA:190,8
DA:192,9
LF:78
LH:69
end_of_record
SF:lib/src/features/authentication/presentation/sign_in/string_validators.dart
DA:10,5
DA:13,4
DA:17,8
DA:18,4
DA:19,8
DA:20,20
DA:27,0
DA:34,4
DA:37,4
DA:40,12
DA:41,12
DA:50,8
DA:54,10
DA:58,1
DA:60,1
DA:65,5
DA:68,3
DA:70,9
LF:18
LH:17
end_of_record
SF:lib/src/features/cart/application/cart_sync_service.dart
DA:17,6
DA:18,6
DA:22,6
DA:23,18
DA:24,6
DA:25,6
DA:26,6
DA:28,8
DA:35,4
DA:38,12
DA:39,4
DA:40,8
DA:41,6
DA:44,9
DA:46,3
DA:47,3
DA:51,3
DA:53,3
DA:55,3
DA:58,4
DA:64,3
DA:67,9
DA:68,3
DA:71,3
DA:72,6
DA:73,3
DA:74,3
DA:76,6
DA:78,12
DA:81,9
DA:85,3
DA:87,6
DA:94,24
DA:95,6
LF:34
LH:34
end_of_record
SF:lib/src/features/cart/data/local/fake_local_cart_repository.dart
DA:9,5
DA:15,4
DA:17,12
DA:20,3
DA:22,6
DA:23,6
DA:26,5
DA:28,10
LF:8
LH:8
end_of_record
SF:lib/src/features/cart/presentation/add_to_cart/add_to_cart_controller.dart
DA:9,8
DA:13,4
DA:14,4
DA:15,12
DA:16,12
DA:17,4
DA:19,16
DA:21,8
DA:23,20
DA:25,0
DA:30,8
DA:31,4
DA:32,4
DA:33,4
DA:37,8
DA:39,4
DA:40,4
DA:44,8
DA:45,8
DA:46,4
LF:20
LH:19
end_of_record
SF:lib/src/features/cart/presentation/add_to_cart/add_to_cart_widget.dart
DA:16,3
DA:19,3
DA:21,6
DA:22,6
DA:24,12
DA:25,6
DA:26,6
DA:27,3
DA:29,3
DA:30,3
DA:33,3
DA:34,6
DA:35,3
DA:37,3
DA:38,3
DA:40,2
DA:41,6
DA:42,2
DA:49,3
DA:50,3
DA:51,3
DA:52,3
DA:53,9
DA:54,9
DA:56,3
DA:57,3
DA:58,1
DA:60,13
DA:62,1
DA:63,1
DA:64,3
LF:31
LH:31
end_of_record
SF:lib/src/features/cart/presentation/cart_total/cart_total_text.dart
DA:8,14
DA:10,3
DA:12,6
DA:14,9
DA:15,3
DA:16,3
DA:17,9
LF:7
LH:7
end_of_record
SF:lib/src/utils/currency_formatter.dart
DA:4,20
DA:11,5
LF:2
LH:2
end_of_record
SF:lib/src/features/cart/presentation/cart_total/cart_total_with_cta.dart
DA:7,3
DA:10,3
DA:12,3
DA:14,3
DA:17,6
LF:5
LH:5
end_of_record
SF:lib/src/features/cart/presentation/shopping_cart/shopping_cart_item.dart
DA:20,3
DA:34,3
DA:36,15
DA:38,3
DA:40,6
DA:42,3
DA:43,3
DA:45,3
DA:47,3
DA:48,3
DA:49,3
DA:60,3
DA:73,9
DA:75,3
DA:77,12
DA:78,6
DA:79,3
DA:83,9
DA:85,3
DA:87,3
DA:88,18
DA:90,3
DA:91,9
DA:93,3
DA:95,3
DA:97,3
DA:98,3
DA:99,6
DA:100,9
DA:101,3
DA:103,3
DA:105,1
DA:107,2
DA:108,1
DA:109,3
DA:112,3
DA:113,6
DA:114,6
DA:115,3
DA:117,1
DA:119,2
DA:120,1
DA:121,3
DA:128,2
DA:130,2
DA:131,8
LF:46
LH:46
end_of_record
SF:lib/src/features/cart/presentation/shopping_cart/shopping_cart_screen_controller.dart
DA:8,8
DA:12,2
DA:13,2
DA:14,2
DA:15,4
DA:16,10
DA:19,2
DA:20,2
DA:21,4
DA:22,10
DA:26,8
DA:27,4
DA:28,4
DA:29,4
LF:14
LH:14
end_of_record
SF:lib/src/features/cart/presentation/shopping_cart/shopping_cart_items_builder.dart
DA:14,3
DA:24,3
DA:27,6
DA:28,2
DA:29,2
DA:35,6
DA:38,3
DA:39,3
DA:41,3
DA:42,3
DA:43,3
DA:46,3
DA:48,3
DA:49,6
DA:50,6
DA:52,6
DA:56,3
DA:59,3
DA:61,6
DA:70,0
DA:71,0
DA:72,0
DA:73,0
DA:75,0
DA:76,0
DA:77,0
DA:79,0
DA:82,0
DA:83,0
LF:29
LH:19
end_of_record
SF:lib/src/features/cart/presentation/shopping_cart/shopping_cart_screen.dart
DA:18,14
DA:20,3
DA:22,6
DA:23,2
DA:24,6
DA:25,6
DA:26,3
DA:27,3
DA:28,6
DA:30,3
DA:32,6
DA:33,3
DA:34,6
DA:38,6
DA:39,3
DA:40,3
DA:41,6
LF:17
LH:17
end_of_record
SF:lib/src/features/checkout/presentation/checkout_screen/checkout_screen.dart
DA:19,14
DA:21,2
DA:22,2
DA:29,2
DA:31,2
DA:32,8
DA:34,6
DA:36,8
DA:39,2
DA:41,4
DA:42,2
DA:45,1
DA:46,3
DA:48,2
DA:49,2
DA:55,2
DA:58,4
DA:59,1
DA:60,2
DA:64,2
DA:65,4
DA:66,2
DA:69,2
DA:70,2
DA:71,2
DA:73,2
LF:26
LH:26
end_of_record
SF:lib/src/features/checkout/presentation/payment/payment_page.dart
DA:17,14
DA:19,2
DA:21,5
DA:25,1
DA:26,2
DA:29,4
DA:43,2
DA:45,4
DA:46,2
DA:47,4
DA:52,2
LF:11
LH:11
end_of_record
SF:lib/src/features/checkout/presentation/payment/payment_button.dart
DA:11,14
DA:13,2
DA:15,4
DA:16,2
DA:17,4
DA:18,2
DA:19,2
DA:20,2
DA:21,2
DA:23,5
LF:10
LH:10
end_of_record
SF:lib/src/features/orders/application/user_orders_provider.dart
DA:10,12
DA:11,9
DA:13,6
DA:14,6
DA:22,6
DA:23,9
DA:24,9
DA:26,8
DA:29,6
DA:32,12
DA:34,6
DA:35,15
LF:12
LH:12
end_of_record
SF:lib/src/features/orders/presentation/orders_list/order_card.dart
DA:15,1
DA:18,1
DA:20,1
DA:22,1
DA:23,2
DA:26,1
DA:27,1
DA:28,2
DA:30,2
DA:41,1
DA:44,1
DA:46,5
DA:48,5
DA:49,1
DA:50,1
DA:52,1
DA:53,1
DA:54,1
DA:56,1
DA:57,1
DA:59,1
DA:60,1
DA:61,2
DA:62,3
DA:65,1
DA:68,1
DA:70,1
DA:71,1
DA:72,2
DA:74,3
DA:77,1
DA:90,1
DA:93,1
DA:95,1
DA:97,1
DA:98,1
DA:100,2
DA:102,3
DA:103,1
DA:104,3
LF:40
LH:40
end_of_record
SF:lib/src/utils/date_formatter.dart
DA:4,4
DA:7,1
LF:2
LH:2
end_of_record
SF:lib/src/features/orders/presentation/orders_list/order_item_list_tile.dart
DA:11,1
DA:14,1
DA:18,6
DA:19,1
DA:21,1
DA:22,1
DA:23,1
DA:25,2
DA:28,1
DA:30,1
DA:32,1
DA:33,2
DA:35,1
DA:36,4
DA:37,3
LF:15
LH:15
end_of_record
SF:lib/src/features/orders/presentation/orders_list/order_status_label.dart
DA:7,1
DA:10,1
DA:12,3
DA:13,2
DA:14,1
DA:15,1
DA:16,1
DA:19,0
DA:20,0
DA:21,0
DA:24,0
DA:25,0
DA:26,0
DA:27,0
LF:14
LH:7
end_of_record
SF:lib/src/features/orders/presentation/orders_list/orders_list_screen.dart
DA:14,14
DA:16,1
DA:18,1
DA:19,1
DA:20,2
DA:22,1
DA:23,1
DA:24,2
DA:25,1
DA:27,2
DA:28,0
DA:29,0
DA:30,0
DA:31,0
DA:35,1
DA:36,1
DA:37,1
DA:38,1
DA:39,2
DA:41,1
DA:42,1
DA:45,1
LF:22
LH:18
end_of_record
SF:lib/src/features/products/presentation/home_app_bar/home_app_bar.dart
DA:21,28
DA:23,5
DA:26,15
DA:35,10
DA:36,5
DA:37,1
DA:38,2
DA:39,1
DA:41,1
DA:45,5
DA:46,10
DA:47,5
DA:49,3
DA:51,3
DA:53,3
DA:54,3
DA:57,5
DA:59,5
DA:60,9
DA:67,5
LF:20
LH:20
end_of_record
SF:lib/src/features/products/presentation/home_app_bar/order_text_button.dart
DA:12,14
DA:14,3
DA:16,6
DA:17,3
DA:19,3
DA:20,3
DA:21,3
DA:22,0
DA:23,6
DA:24,3
DA:25,3
DA:26,3
DA:27,3
DA:29,3
DA:30,1
DA:33,1
LF:16
LH:15
end_of_record
SF:lib/src/features/products/presentation/home_app_bar/shopping_cart_icon.dart
DA:11,14
DA:16,5
DA:18,10
DA:20,5
DA:21,5
DA:22,5
DA:23,5
DA:26,12
DA:29,5
DA:30,3
DA:33,3
LF:11
LH:11
end_of_record
SF:lib/src/features/products/presentation/home_app_bar/more_menu_button.dart
DA:14,1
DA:22,1
DA:24,1
DA:27,0
DA:29,0
DA:30,0
DA:31,0
DA:34,0
DA:36,0
DA:39,0
DA:42,0
DA:43,0
DA:46,0
DA:50,0
DA:53,0
DA:54,0
DA:56,0
DA:57,0
DA:59,0
DA:60,0
LF:20
LH:3
end_of_record
SF:lib/src/features/products/presentation/product_screen/leave_review_action.dart
DA:19,3
DA:22,3
DA:25,15
DA:27,15
DA:28,3
DA:30,5
DA:31,1
DA:32,1
DA:35,1
DA:43,3
DA:44,1
DA:46,1
DA:47,1
DA:48,1
DA:49,1
DA:50,1
DA:51,2
DA:52,2
DA:53,1
DA:54,2
LF:20
LH:20
end_of_record
SF:lib/src/features/products/presentation/product_screen/product_average_rating.dart
DA:7,3
DA:10,3
DA:13,9
DA:15,0
DA:16,0
DA:22,0
DA:23,0
DA:24,0
DA:27,0
DA:28,0
DA:29,0
DA:31,0
DA:32,0
LF:13
LH:3
end_of_record
SF:lib/src/features/products/presentation/product_screen/product_screen.dart
DA:22,3
DA:25,3
DA:27,3
DA:29,6
DA:30,12
DA:32,3
DA:34,3
DA:36,0
DA:37,0
DA:39,3
DA:40,3
DA:41,3
DA:43,3
DA:45,6
DA:59,3
DA:62,3
DA:65,15
DA:66,3
DA:67,3
DA:68,3
DA:70,9
DA:74,3
DA:75,3
DA:77,3
DA:79,3
DA:80,9
DA:81,9
DA:83,9
DA:85,6
DA:89,3
DA:90,9
DA:92,9
DA:95,6
LF:33
LH:31
end_of_record
SF:lib/src/features/reviews/presentation/product_reviews/product_reviews_list.dart
DA:15,3
DA:17,3
DA:19,12
DA:20,3
DA:22,6
DA:23,3
DA:24,2
DA:28,2
DA:30,3
LF:9
LH:9
end_of_record
SF:lib/src/features/products/presentation/products_list/product_card.dart
DA:12,5
DA:19,5
DA:22,25
DA:23,5
DA:24,5
DA:26,5
DA:27,5
DA:29,5
DA:31,5
DA:32,15
DA:36,15
DA:37,15
DA:38,15
DA:40,0
DA:42,5
DA:43,5
DA:44,15
DA:45,5
DA:46,5
DA:47,15
DA:48,0
DA:49,20
DA:50,15
LF:23
LH:21
end_of_record
SF:lib/src/features/products/presentation/products_list/products_grid.dart
DA:16,14
DA:18,5
DA:20,10
DA:21,5
DA:23,5
DA:24,5
DA:25,0
DA:26,0
DA:27,0
DA:28,0
DA:31,5
DA:32,5
DA:33,5
DA:34,5
DA:35,5
DA:37,6
DA:38,3
DA:39,6
DA:52,5
DA:64,5
DA:67,10
DA:68,5
DA:71,10
DA:74,15
DA:75,15
DA:77,10
DA:79,5
DA:84,5
DA:86,30
LF:29
LH:25
end_of_record
SF:lib/src/features/products/presentation/products_list/products_list_screen.dart
DA:11,14
DA:13,5
DA:14,5
DA:24,5
DA:26,5
DA:27,15
DA:30,5
DA:32,15
DA:33,5
DA:38,0
DA:39,0
DA:40,0
DA:44,5
DA:46,5
DA:48,5
DA:49,5
LF:16
LH:13
end_of_record
SF:lib/src/features/products/presentation/products_list/products_search_text_field.dart
DA:6,14
DA:8,5
DA:10,5
DA:16,5
DA:19,10
DA:20,5
DA:23,5
DA:28,5
DA:29,5
DA:30,5
DA:31,5
DA:32,5
DA:34,15
DA:35,5
DA:36,5
DA:38,10
DA:39,0
DA:40,0
DA:41,0
LF:19
LH:16
end_of_record
SF:lib/src/features/reviews/presentation/leave_review_page/leave_review_controller.dart
DA:8,4
DA:11,2
DA:19,0
DA:20,0
DA:21,2
DA:24,8
DA:26,2
DA:27,2
DA:28,4
DA:29,4
DA:30,2
DA:32,2
DA:34,2
DA:35,6
DA:36,2
DA:40,0
DA:45,4
DA:46,2
DA:47,2
DA:48,2
LF:20
LH:17
end_of_record
SF:lib/src/features/reviews/presentation/leave_review_page/leave_review_screen.dart
DA:19,1
DA:22,1
DA:24,1
DA:25,1
DA:26,2
DA:28,1
DA:29,1
DA:30,4
DA:31,1
DA:33,2
DA:36,2
DA:46,1
DA:53,1
DA:54,1
DA:62,1
DA:64,1
DA:65,2
DA:67,0
DA:68,0
DA:72,1
DA:75,2
DA:76,1
DA:79,1
DA:80,5
DA:81,2
DA:82,2
DA:83,1
DA:84,2
DA:85,2
DA:88,1
DA:90,3
DA:91,1
DA:93,1
DA:94,2
DA:95,0
DA:96,0
DA:101,1
DA:102,1
DA:103,1
DA:104,4
DA:107,1
DA:108,1
DA:110,1
DA:113,1
DA:114,1
DA:118,1
DA:119,1
DA:120,1
DA:121,1
DA:122,4
LF:50
LH:46
end_of_record
SF:lib/src/features/reviews/presentation/product_reviews/product_rating_bar.dart
DA:6,1
DA:27,3
DA:29,1
DA:31,1
DA:32,1
DA:33,1
DA:36,1
DA:37,2
DA:40,1
DA:43,1
LF:10
LH:10
end_of_record
SF:lib/src/features/reviews/presentation/product_reviews/product_review_card.dart
DA:11,1
DA:13,1
DA:15,5
DA:16,1
DA:17,1
DA:19,1
DA:21,1
DA:22,1
DA:24,1
DA:25,1
DA:26,2
DA:30,0
DA:32,1
DA:33,3
DA:36,4
DA:38,1
DA:39,2
DA:40,3
LF:18
LH:17
end_of_record
SF:lib/src/routing/not_found_screen.dart
DA:7,14
DA:9,0
DA:11,0
DA:12,0
DA:13,0
DA:14,0
LF:6
LH:1
end_of_record
SF:lib/src/utils/go_router_refreshStream.dart
DA:7,5
DA:8,5
DA:9,15
DA:10,10
DA:16,0
DA:18,0
DA:19,0
LF:7
LH:4
end_of_record
